<feed xmlns:yt="http://www.youtube.com/xml/schemas/2015" xmlns:media="http://search.yahoo.com/mrss/" xmlns="http://www.w3.org/2005/Atom" class="m1">
    <script/>
    <link rel="self" href="http://www.youtube.com/feeds/videos.xml?channel_id=UCKab3hYnOoTZZbEUQBMx-ww"/>
    <id>yt:channel:UCKab3hYnOoTZZbEUQBMx-ww</id>
    <yt:channelId>UCKab3hYnOoTZZbEUQBMx-ww</yt:channelId>
    <title>OfficialNerdCubed</title>
    <link rel="alternate" href="http://www.youtube.com/channel/UCKab3hYnOoTZZbEUQBMx-ww"/>
    <author>
        <name>OfficialNerdCubed</name>
        <uri>
            http://www.youtube.com/channel/UCKab3hYnOoTZZbEUQBMx-ww
        </uri>
    </author>
    <published>2011-03-20T19:26:04+00:00</published>
    <entry>
        <id>yt:video:4iwPS-L3dJc</id>
        <yt:videoId>4iwPS-L3dJc</yt:videoId>
        <yt:channelId>UCKab3hYnOoTZZbEUQBMx-ww</yt:channelId>
        <title>Nerd³ Completes... Watch Dogs 2 - 18 - Marcus Kart</title>
        <link rel="alternate" href="http://www.youtube.com/watch?v=4iwPS-L3dJc"/>
        <author>
            <name>OfficialNerdCubed</name>
            <uri>
                http://www.youtube.com/channel/UCKab3hYnOoTZZbEUQBMx-ww
            </uri>
        </author>
        <published>2017-01-11T19:00:00+00:00</published>
        <updated>2017-01-11T23:08:41+00:00</updated>
        <media:group>
            <media:title>Nerd³ Completes... Watch Dogs 2 - 18 - Marcus Kart</media:title>
            <media:content url="https://www.youtube.com/v/4iwPS-L3dJc?version=3" type="application/x-shockwave-flash" width="640" height="390"/>
            <media:thumbnail url="https://i1.ytimg.com/vi/4iwPS-L3dJc/hqdefault.jpg" width="480" height="360"/>
            <media:description>
                HACK_THE_PLANET GaMe_LINk: https://www.ubisoft.com/en-US/game/watch-dogs-2 NERd³_SiTE http://nerdcubed.co.uk NeRd³_PAtrEon: https://www.patreon.com/nerdcubed DAd³_ChaNNeL: http://www.youtube.com/user/OfficialDadCubed TOy_ChanNEL: http://www.youtube.com/user/Officiallynerdcubed TwITCh: http://www.twitch.tv/nerdcubed TwittEr: https://twitter.com/Dannerdcubed MeRCh! ThinGS: http://www.gametee.co.uk/category/nerdcubed OtHer_Things: https://store.dftba.com/collections/nerdcubed JuNK_Things: https://shop.spreadshirt.co.uk/nerdcubed/
            </media:description>
            <media:community>
                <media:starRating count="1270" average="4.94" min="1" max="5"/>
                <media:statistics views="8890"/>
            </media:community>
        </media:group>
    </entry>
</feed>